<?xml version="1.0" encoding="UTF-8" standalone="yes"?>
<testsuites name="Test Suite1" time="12" tests="2" failures="0" errors="0">
    <testsuite name="Test Suite1" tests="2" failures="0" errors="0" time="12" timestamp="2019-10-23 16:13:59" hostname="tringapps - 10.1.0.104" id="Test Suites/Test Suite1">
        <properties>
            <property name="deviceName" value=""/>
            <property name="devicePlatform" value=""/>
            <property name="logFolder" value="/Users/tringapps/Katalon Studio/WebServiceProject1/Reports/20191023_161353/Test Suite1/20191023_161353"/>
            <property name="logFiles" value="/Users/tringapps/Katalon Studio/WebServiceProject1/Reports/20191023_161353/Test Suite1/20191023_161353/execution0.log"/>
            <property name="attachments" value=""/>
            <property name="hostName" value="tringapps - 10.1.0.104"/>
            <property name="hostAddress" value="10.1.0.104"/>
            <property name="os" value="Mac OS X 64bit"/>
            <property name="katalonVersion" value="6.3.3.11"/>
        </properties>
        <testcase name="Test Cases/Sample API1/ListUsers" classname="Test Cases/Sample API1/ListUsers" status="PASSED">
            <system-out>2019-10-23 16:14:00 - [TEST_CASE][PASSED] - Test Cases/Sample API1/ListUsers: Test Cases/Sample API1/ListUsers

2019-10-23 16:14:00 - [TEST_STEP][PASSED] - Start listener action : sampleBeforeTestCase: null

2019-10-23 16:14:00 - [TEST_STEP][PASSED] - println(testCaseContext.getTestCaseId()): null

2019-10-23 16:14:00 - [TEST_STEP][PASSED] - println(testCaseContext.getTestCaseVariables()): null

2019-10-23 16:14:04 - [TEST_STEP][PASSED] - sendRequest(findTestObject("ListUsersRequest")): Send request successfully

2019-10-23 16:14:07 - [MESSAGE][INFO] - HAR: /Users/tringapps/Katalon Studio/WebServiceProject1/Reports/20191023_161353/Test Suite1/20191023_161353/requests/main/0.har

2019-10-23 16:14:07 - [MESSAGE][PASSED] - Send request successfully

2019-10-23 16:14:07 - [TEST_STEP][PASSED] - Start listener action : sampleAfterTestCase: null

2019-10-23 16:14:07 - [TEST_STEP][PASSED] - println(testCaseContext.getTestCaseId()): null

2019-10-23 16:14:07 - [TEST_STEP][PASSED] - println(testCaseContext.getTestCaseStatus()): null</system-out>
            <system-err></system-err>
        </testcase>
        <testcase name="Test Cases/Sample API1/CreateUser" classname="Test Cases/Sample API1/CreateUser" status="PASSED">
            <system-out>2019-10-23 16:14:09 - [TEST_CASE][PASSED] - Test Cases/Sample API1/CreateUser: Test Cases/Sample API1/CreateUser

2019-10-23 16:14:09 - [TEST_STEP][PASSED] - Start listener action : sampleBeforeTestCase: null

2019-10-23 16:14:09 - [TEST_STEP][PASSED] - println(testCaseContext.getTestCaseId()): null

2019-10-23 16:14:09 - [TEST_STEP][PASSED] - println(testCaseContext.getTestCaseVariables()): null

2019-10-23 16:14:09 - [TEST_STEP][PASSED] - sendRequest(findTestObject("CreateUser")): Send request successfully

2019-10-23 16:14:10 - [MESSAGE][INFO] - HAR: /Users/tringapps/Katalon Studio/WebServiceProject1/Reports/20191023_161353/Test Suite1/20191023_161353/requests/main/1.har

2019-10-23 16:14:10 - [MESSAGE][PASSED] - Send request successfully

2019-10-23 16:14:10 - [TEST_STEP][PASSED] - Start listener action : sampleAfterTestCase: null

2019-10-23 16:14:10 - [TEST_STEP][PASSED] - println(testCaseContext.getTestCaseId()): null

2019-10-23 16:14:10 - [TEST_STEP][PASSED] - println(testCaseContext.getTestCaseStatus()): null</system-out>
            <system-err></system-err>
        </testcase>
        <system-out>2019-10-23 16:13:59 - [TEST_SUITE][INCOMPLETE] - Test Suite1: null</system-out>
        <system-err>2019-10-23 16:13:59 - [TEST_SUITE][INCOMPLETE] - Test Suite1: null</system-err>
    </testsuite>
</testsuites>
